[debug] [2018-10-27T09:40:01.647Z] ----------------------------------------------------------------------
[debug] [2018-10-27T09:40:01.650Z] Command:       C:\Program Files\nodejs\node.exe C:\Users\STD\AppData\Roaming\npm\node_modules\firebase-tools\bin\firebase serve
[debug] [2018-10-27T09:40:01.650Z] CLI Version:   4.2.1
[debug] [2018-10-27T09:40:01.650Z] Platform:      win32
[debug] [2018-10-27T09:40:01.650Z] Node Version:  v8.11.3
[debug] [2018-10-27T09:40:01.651Z] Time:          Sat Oct 27 2018 16:40:01 GMT+0700 (SE Asia Standard Time)
[debug] [2018-10-27T09:40:01.651Z] ----------------------------------------------------------------------
[debug] 
[debug] [2018-10-27T09:40:01.667Z] > command requires scopes: ["email","openid","https://www.googleapis.com/auth/cloudplatformprojects.readonly","https://www.googleapis.com/auth/firebase","https://www.googleapis.com/auth/cloud-platform"]
[debug] [2018-10-27T09:40:01.669Z] > authorizing via signed-in user
[debug] [2018-10-27T09:40:01.673Z] >>> HTTP REQUEST GET https://admin.firebase.com/v1/projects/shopee-6ab15  
 
[debug] [2018-10-27T09:40:02.801Z] <<< HTTP RESPONSE 200
[debug] [2018-10-27T09:40:02.802Z] >>> HTTP REQUEST GET https://cloudresourcemanager.googleapis.com/v1/projects/shopee-6ab15  
 
[debug] [2018-10-27T09:40:04.456Z] <<< HTTP RESPONSE 200
[info] 
[info] === Serving from 'D:\977-341\QuizMobileapp'...
[info] 
[debug] [2018-10-27T09:40:04.459Z] >>> HTTP REQUEST GET https://mobilesdk-pa.googleapis.com/v1/projects/238081860305/clients/_:getWebAppConfig  
 
[debug] [2018-10-27T09:40:05.323Z] <<< HTTP RESPONSE 200
[info] i  hosting[shopee-6ab15]: Serving hosting files from: public
[info] +  hosting[shopee-6ab15]: Local server: http://localhost:5000
